<?xml version="1.0" encoding="UTF-8"?>
<!-- Generated by org.testng.reporters.JUnitReportReporter -->
<testsuite skipped="0" hostname="Sanjeev-India" name="com.testngscripts.TestNGannotationSequence" tests="1" failures="0" timestamp="21 May 2018 07:14:23 GMT" time="0.008" errors="0">
  <testcase name="first" time="0.008" classname="com.testngscripts.TestNGannotationSequence"/>
</testsuite> <!-- com.testngscripts.TestNGannotationSequence -->
