<?xml version="1.0" encoding="UTF-8"?>
<!-- Generated by org.testng.reporters.JUnitReportReporter -->
<testsuite skipped="0" hostname="Sanjeev-India" name="com.testngscripts.CrossBrowserTesting" tests="9" failures="0" timestamp="22 Jun 2018 18:20:26 GMT" time="171.929" errors="0">
  <testcase name="verifyPageTitle" time="38.637" classname="com.testngscripts.CrossBrowserTesting"/>
  <testcase name="verifyPageTitle" time="12.570" classname="com.testngscripts.CrossBrowserTesting"/>
  <testcase name="verifyPageTitle" time="40.476" classname="com.testngscripts.CrossBrowserTesting"/>
  <testcase name="verifyPageTitle" time="17.613" classname="com.testngscripts.CrossBrowserTesting"/>
  <testcase name="verifyPageTitle" time="2.227" classname="com.testngscripts.CrossBrowserTesting"/>
  <testcase name="verifyPageTitle" time="12.512" classname="com.testngscripts.CrossBrowserTesting"/>
  <testcase name="verifyPageTitle" time="2.761" classname="com.testngscripts.CrossBrowserTesting"/>
  <testcase name="verifyPageTitle" time="42.705" classname="com.testngscripts.CrossBrowserTesting"/>
  <testcase name="verifyPageTitle" time="2.428" classname="com.testngscripts.CrossBrowserTesting"/>
</testsuite> <!-- com.testngscripts.CrossBrowserTesting -->
