<?xml version="1.0" encoding="UTF-8"?>
<!-- Generated by org.testng.reporters.JUnitReportReporter -->
<testsuite name="com.testngscripts.GroupTest1" tests="1" time="0.036" ignored="0" failures="0" timestamp="15 Apr 2018 07:38:41 GMT" skipped="0" hostname="Sanjeev-India" errors="0">
  <testcase name="loginDetails" time="0.036" classname="com.testngscripts.GroupTest1"/>
</testsuite> <!-- com.testngscripts.GroupTest1 -->
