<?xml version="1.0" encoding="UTF-8"?>
<!-- Generated by org.testng.reporters.JUnitReportReporter -->
<testsuite skipped="0" hostname="Sanjeev-India" name="apitesting.GetData2" tests="2" failures="0" timestamp="06 Jun 2018 16:29:25 GMT" time="4.572" errors="0">
  <testcase name="testResponseCode" time="3.737" classname="apitesting.GetData2"/>
  <testcase name="testBody" time="0.835" classname="apitesting.GetData2"/>
</testsuite> <!-- apitesting.GetData2 -->
