<?xml version="1.0" encoding="UTF-8"?>
<!-- Generated by org.testng.reporters.JUnitReportReporter -->
<testsuite name="com.testngscripts.SkipTestInTestNG" tests="2" time="0.052" ignored="0" failures="0" timestamp="15 Apr 2018 08:19:50 GMT" skipped="1" hostname="Sanjeev-India" errors="0">
  <testcase name="nonSkipTest" time="0.003" classname="com.testngscripts.SkipTestInTestNG"/>
  <testcase name="aSkipTest" time="0.049" classname="com.testngscripts.SkipTestInTestNG">
    <skipped/>
  </testcase> <!-- aSkipTest -->
</testsuite> <!-- com.testngscripts.SkipTestInTestNG -->
