<?xml version="1.0" encoding="UTF-8"?>
<!-- Generated by org.testng.reporters.JUnitReportReporter -->
<testsuite name="com.testngscripts.Launch_All_Beta_Sites_Jenkins" tests="1" time="40.382" ignored="0" failures="0" timestamp="01 May 2018 14:49:36 GMT" skipped="0" hostname="Sanjeev-India" errors="0">
  <testcase name="openBetaSite" time="40.382" classname="com.testngscripts.Launch_All_Beta_Sites_Jenkins"/>
</testsuite> <!-- com.testngscripts.Launch_All_Beta_Sites_Jenkins -->
