<?xml version="1.0" encoding="UTF-8"?>
<!-- Generated by org.testng.reporters.JUnitReportReporter -->
<testsuite name="com.retestfailedtestcases.TestCase2" tests="1" time="0.003" ignored="0" failures="0" timestamp="18 May 2018 12:06:51 GMT" skipped="0" hostname="Sanjeev-India" errors="0">
  <testcase name="testSLJ" time="0.003" classname="com.retestfailedtestcases.TestCase2"/>
</testsuite> <!-- com.retestfailedtestcases.TestCase2 -->
