<?xml version="1.0" encoding="UTF-8"?>
<!-- Generated by org.testng.reporters.JUnitReportReporter -->
<testsuite skipped="0" hostname="Sanjeev-India" name="apitesting.GetData" tests="2" failures="0" timestamp="06 Jun 2018 16:04:30 GMT" time="3.766" errors="0">
  <testcase name="testResponseCode" time="3.360" classname="apitesting.GetData"/>
  <testcase name="testBody" time="0.406" classname="apitesting.GetData"/>
</testsuite> <!-- apitesting.GetData -->
