<?xml version="1.0" encoding="UTF-8"?>
<!-- Generated by org.testng.reporters.JUnitReportReporter -->
<testsuite skipped="0" hostname="Sanjeev-India" name="webtablehandling.DatePickerUsingWebTableDynamically" tests="1" failures="0" timestamp="03 Jun 2018 06:47:08 GMT" time="39.863" errors="0">
  <testcase name="datePickerDynamically" time="39.863" classname="webtablehandling.DatePickerUsingWebTableDynamically"/>
</testsuite> <!-- webtablehandling.DatePickerUsingWebTableDynamically -->
