<?xml version="1.0" encoding="UTF-8"?>
<!-- Generated by org.testng.reporters.JUnitReportReporter -->
<testsuite skipped="0" hostname="Sanjeev-India" name="webtablehandling.DatePickerUsingWebTable" tests="1" failures="0" timestamp="03 Jun 2018 06:11:21 GMT" time="39.449" errors="0">
  <testcase name="datePicker" time="39.449" classname="webtablehandling.DatePickerUsingWebTable"/>
</testsuite> <!-- webtablehandling.DatePickerUsingWebTable -->
