<?xml version="1.0" encoding="UTF-8"?>
<!-- Generated by org.testng.reporters.JUnitReportReporter -->
<testsuite name="com.tutorial.JavaScriptExecutorkExample" tests="1" time="42.125" ignored="0" failures="0" timestamp="07 Apr 2018 05:30:55 GMT" skipped="0" hostname="Sanjeev-India" errors="0">
  <testcase name="testClickJS" time="42.125" classname="com.tutorial.JavaScriptExecutorkExample"/>
</testsuite> <!-- com.tutorial.JavaScriptExecutorkExample -->
