<?xml version="1.0" encoding="UTF-8"?>
<!-- Generated by org.testng.reporters.JUnitReportReporter -->
<testsuite name="com.jenkins.JenkinsJobs" tests="1" time="0.034" ignored="0" failures="0" timestamp="20 Apr 2018 12:33:19 GMT" skipped="0" hostname="Sanjeev-India" errors="0">
  <testcase name="jenkinsTest" time="0.034" classname="com.jenkins.JenkinsJobs"/>
</testsuite> <!-- com.jenkins.JenkinsJobs -->
