<?xml version="1.0" encoding="UTF-8"?>
<!-- Generated by org.testng.reporters.JUnitReportReporter -->
<testsuite skipped="0" hostname="Sanjeev-India" name="highlightelement.HighlightElement" tests="1" failures="0" timestamp="02 Aug 2018 01:56:13 GMT" time="32.515" errors="0">
  <testcase name="highlighterElement" time="32.515" classname="highlightelement.HighlightElement"/>
</testsuite> <!-- highlightelement.HighlightElement -->
