<?xml version="1.0" encoding="UTF-8"?>
<!-- Generated by org.testng.reporters.JUnitReportReporter -->
<testsuite skipped="0" hostname="Sanjeev-India" name="com.restapitesting.GetAPITest" tests="1" failures="0" timestamp="04 Jul 2018 13:27:00 GMT" time="3.009" errors="0">
  <testcase name="getAPITest1" time="3.009" classname="com.restapitesting.GetAPITest"/>
</testsuite> <!-- com.restapitesting.GetAPITest -->
