<?xml version="1.0" encoding="UTF-8"?>
<!-- Generated by org.testng.reporters.JUnitReportReporter -->
<testsuite name="com.recruitment.simplymarketingjobs.Open_Menu" tests="1" time="2.109" ignored="0" failures="0" timestamp="01 May 2018 14:49:36 GMT" skipped="0" hostname="Sanjeev-India" errors="0">
  <testcase name="runTestonEnvironment" time="2.109" classname="com.recruitment.simplymarketingjobs.Open_Menu"/>
</testsuite> <!-- com.recruitment.simplymarketingjobs.Open_Menu -->
