<?xml version="1.0" encoding="UTF-8"?>
<!-- Generated by org.testng.reporters.JUnitReportReporter -->
<testsuite skipped="0" hostname="Sanjeev-India" name="webtablehandling.DynamicWebTableHandle" tests="1" failures="0" timestamp="04 Jun 2018 11:48:17 GMT" time="26.886" errors="0">
  <testcase name="datePickerDynamically" time="26.886" classname="webtablehandling.DynamicWebTableHandle"/>
</testsuite> <!-- webtablehandling.DynamicWebTableHandle -->
