<?xml version="1.0" encoding="UTF-8"?>
<!-- Generated by org.testng.reporters.JUnitReportReporter -->
<testsuite name="com.recruitment_transition.AppTest" tests="1" time="0.020" ignored="0" failures="0" timestamp="01 May 2018 09:21:34 GMT" skipped="0" hostname="Sanjeev-India" errors="0">
  <testcase name="testApp" time="0.020" classname="com.recruitment_transition.AppTest"/>
</testsuite> <!-- com.recruitment_transition.AppTest -->
