<?xml version="1.0" encoding="UTF-8"?>
<!-- Generated by org.testng.reporters.JUnitReportReporter -->
<testsuite name="com.testngscripts.VerifyErrorMessage" tests="1" time="55.255" ignored="0" failures="0" timestamp="01 May 2018 14:52:41 GMT" skipped="0" hostname="Sanjeev-India" errors="0">
  <testcase name="verifyText" time="55.255" classname="com.testngscripts.VerifyErrorMessage"/>
</testsuite> <!-- com.testngscripts.VerifyErrorMessage -->
