<?xml version="1.0" encoding="UTF-8"?>
<!-- Generated by org.testng.reporters.JUnitReportReporter -->
<testsuite name="com.testngscripts.CrossBrowserTesting" tests="3" time="83.346" ignored="0" failures="0" timestamp="30 Apr 2018 16:13:00 GMT" skipped="0" hostname="Sanjeev-India" errors="2">
  <testcase name="verifyPageTitle" time="32.449" classname="com.testngscripts.CrossBrowserTesting"/>
  <testcase name="verifyPageTitle" time="2.385" classname="com.testngscripts.CrossBrowserTesting">
    <error type="org.openqa.selenium.remote.SessionNotFoundException" message="session null does not exist (WARNING: The server did not provide any stacktrace information)
Command duration or timeout: 4 milliseconds
Build info: version: &#039;2.53.1&#039;, revision: &#039;a36b8b1cd5757287168e54b817830adce9b0158d&#039;, time: &#039;2016-06-30 19:26:09&#039;
System info: host: &#039;Sanjeev-India&#039;, ip: &#039;192.168.2.2&#039;, os.name: &#039;Windows 10&#039;, os.arch: &#039;amd64&#039;, os.version: &#039;10.0&#039;, java.version: &#039;1.8.0_151&#039;
Driver info: org.openqa.selenium.ie.InternetExplorerDriver
Capabilities [{capabilities={proxy={}, acceptInsecureCerts=false, browserVersion=11, se:ieOptions={nativeEvents=true, browserAttachTimeout=0, ie.ensureCleanSession=false, elementScrollBehavior=0, enablePersistentHover=true, ie.browserCommandLineSwitches=, ie.forceCreateProcessApi=false, requireWindowFocus=false, initialBrowserUrl=http://localhost:30623/, ignoreZoomSetting=false, ie.fileUploadDialogTimeout=3000, ignoreProtectedModeSettings=false}, timeouts={implicit=0, pageLoad=300000, script=30000}, browserName=internet explorer, pageLoadStrategy=normal, unhandledPromptBehavior=dismiss, platformName=windows, setWindowRect=true}, sessionId=a558ef40-b81b-4002-abfa-075bcca3b226, platform=ANY}]
Session ID: null">
      <![CDATA[org.openqa.selenium.remote.SessionNotFoundException: session null does not exist (WARNING: The server did not provide any stacktrace information)
Command duration or timeout: 4 milliseconds
Build info: version: '2.53.1', revision: 'a36b8b1cd5757287168e54b817830adce9b0158d', time: '2016-06-30 19:26:09'
System info: host: 'Sanjeev-India', ip: '192.168.2.2', os.name: 'Windows 10', os.arch: 'amd64', os.version: '10.0', java.version: '1.8.0_151'
Driver info: org.openqa.selenium.ie.InternetExplorerDriver
Capabilities [{capabilities={proxy={}, acceptInsecureCerts=false, browserVersion=11, se:ieOptions={nativeEvents=true, browserAttachTimeout=0, ie.ensureCleanSession=false, elementScrollBehavior=0, enablePersistentHover=true, ie.browserCommandLineSwitches=, ie.forceCreateProcessApi=false, requireWindowFocus=false, initialBrowserUrl=http://localhost:30623/, ignoreZoomSetting=false, ie.fileUploadDialogTimeout=3000, ignoreProtectedModeSettings=false}, timeouts={implicit=0, pageLoad=300000, script=30000}, browserName=internet explorer, pageLoadStrategy=normal, unhandledPromptBehavior=dismiss, platformName=windows, setWindowRect=true}, sessionId=a558ef40-b81b-4002-abfa-075bcca3b226, platform=ANY}]
Session ID: null
	at sun.reflect.NativeConstructorAccessorImpl.newInstance0(Native Method)
	at sun.reflect.NativeConstructorAccessorImpl.newInstance(Unknown Source)
	at sun.reflect.DelegatingConstructorAccessorImpl.newInstance(Unknown Source)
	at java.lang.reflect.Constructor.newInstance(Unknown Source)
	at org.openqa.selenium.remote.ErrorHandler.createThrowable(ErrorHandler.java:206)
	at org.openqa.selenium.remote.ErrorHandler.throwIfResponseFailed(ErrorHandler.java:158)
	at org.openqa.selenium.remote.RemoteWebDriver.execute(RemoteWebDriver.java:678)
	at org.openqa.selenium.remote.RemoteWebDriver.execute(RemoteWebDriver.java:701)
	at org.openqa.selenium.remote.RemoteWebDriver$RemoteWebDriverOptions$RemoteWindow.maximize(RemoteWebDriver.java:948)
	at com.testngscripts.CrossBrowserTesting.verifyPageTitle(CrossBrowserTesting.java:47)
	at sun.reflect.NativeMethodAccessorImpl.invoke0(Native Method)
	at sun.reflect.NativeMethodAccessorImpl.invoke(Unknown Source)
	at sun.reflect.DelegatingMethodAccessorImpl.invoke(Unknown Source)
	at java.lang.reflect.Method.invoke(Unknown Source)
	at org.testng.internal.MethodInvocationHelper.invokeMethod(MethodInvocationHelper.java:104)
	at org.testng.internal.Invoker.invokeMethod(Invoker.java:645)
	at org.testng.internal.Invoker.invokeTestMethod(Invoker.java:851)
	at org.testng.internal.Invoker.invokeTestMethods(Invoker.java:1177)
	at org.testng.internal.TestMethodWorker.invokeTestMethods(TestMethodWorker.java:129)
	at org.testng.internal.TestMethodWorker.run(TestMethodWorker.java:112)
	at java.util.concurrent.ThreadPoolExecutor.runWorker(Unknown Source)
	at java.util.concurrent.ThreadPoolExecutor$Worker.run(Unknown Source)
	at java.lang.Thread.run(Unknown Source)
]]>
    </error>
  </testcase> <!-- verifyPageTitle -->
  <testcase name="verifyPageTitle" time="48.512" classname="com.testngscripts.CrossBrowserTesting">
    <error type="org.openqa.selenium.WebDriverException" message="Failed to connect to binary FirefoxBinary(C:\Program Files (x86)\Mozilla Firefox\firefox.exe) on port 7055; process output follows: 
\Local\Temp\anonymous987141559096255909webdriver-profile\extensions\fxdriver@googlecode.com
1525104735349	addons.xpi	DEBUG	Ignoring file entry whose name is not a valid add-on ID: C:\Users\QA Team\AppData\Local\Temp\anonymous987141559096255909webdriver-profile\extensions\webdriver-staging
1525104735349	addons.xpi	DEBUG	Existing add-on fxdriver@googlecode.com in app-profile
1525104735350	addons.xpi	INFO	Mapping activity-stream@mozilla.org to C:\Program Files (x86)\Mozilla Firefox\browser\features\activity-stream@mozilla.org.xpi
1525104735350	addons.xpi	INFO	Mapping aushelper@mozilla.org to C:\Program Files (x86)\Mozilla Firefox\browser\features\aushelper@mozilla.org.xpi
1525104735350	addons.xpi	INFO	Mapping clicktoplay-rollout@mozilla.org to C:\Program Files (x86)\Mozilla Firefox\browser\features\clicktoplay-rollout@mozilla.org.xpi
1525104735350	addons.xpi	INFO	Mapping e10srollout@mozilla.org to C:\Program Files (x86)\Mozilla Firefox\browser\features\e10srollout@mozilla.org.xpi
1525104735351	addons.xpi	INFO	Mapping firefox@getpocket.com to C:\Program Files (x86)\Mozilla Firefox\browser\features\firefox@getpocket.com.xpi
1525104735351	addons.xpi	INFO	Mapping followonsearch@mozilla.com to C:\Program Files (x86)\Mozilla Firefox\browser\features\followonsearch@mozilla.com.xpi
1525104735351	addons.xpi	INFO	Mapping formautofill@mozilla.org to C:\Program Files (x86)\Mozilla Firefox\browser\features\formautofill@mozilla.org.xpi
1525104735351	addons.xpi	INFO	Mapping onboarding@mozilla.org to C:\Program Files (x86)\Mozilla Firefox\browser\features\onboarding@mozilla.org.xpi
1525104735351	addons.xpi	INFO	Mapping screenshots@mozilla.org to C:\Program Files (x86)\Mozilla Firefox\browser\features\screenshots@mozilla.org.xpi
1525104735351	addons.xpi	INFO	Mapping shield-recipe-client@mozilla.org to C:\Program Files (x86)\Mozilla Firefox\browser\features\shield-recipe-client@mozilla.org.xpi
1525104735352	addons.xpi	INFO	Mapping webcompat@mozilla.org to C:\Program Files (x86)\Mozilla Firefox\browser\features\webcompat@mozilla.org.xpi
1525104735352	addons.xpi	DEBUG	Existing add-on activity-stream@mozilla.org in app-system-defaults
1525104735352	addons.xpi	DEBUG	Existing add-on aushelper@mozilla.org in app-system-defaults
1525104735353	addons.xpi	DEBUG	Existing add-on clicktoplay-rollout@mozilla.org in app-system-defaults
1525104735353	addons.xpi	DEBUG	Existing add-on e10srollout@mozilla.org in app-system-defaults
1525104735354	addons.xpi	DEBUG	Existing add-on firefox@getpocket.com in app-system-defaults
1525104735354	addons.xpi	DEBUG	Existing add-on followonsearch@mozilla.com in app-system-defaults
1525104735355	addons.xpi	DEBUG	Existing add-on formautofill@mozilla.org in app-system-defaults
1525104735355	addons.xpi	DEBUG	Existing add-on onboarding@mozilla.org in app-system-defaults
1525104735355	addons.xpi	DEBUG	Existing add-on screenshots@mozilla.org in app-system-defaults
1525104735356	addons.xpi	DEBUG	Existing add-on shield-recipe-client@mozilla.org in app-system-defaults
1525104735356	addons.xpi	DEBUG	Existing add-on webcompat@mozilla.org in app-system-defaults
1525104735357	addons.xpi	INFO	Mapping {972ce4c6-7e08-4474-a285-3208198ce6fd} to C:\Program Files (x86)\Mozilla Firefox\browser\extensions\{972ce4c6-7e08-4474-a285-3208198ce6fd}.xpi
1525104735357	addons.xpi	DEBUG	Existing add-on {972ce4c6-7e08-4474-a285-3208198ce6fd} in app-global
1525104735357	addons.xpi	DEBUG	getInstallState changed: false, state: {}
1525104736717	addons.productaddons	INFO	Completed downloading document
1525104737978	addons.productaddons	INFO	downloadXHR File download. status=200
1525104738009	addons.productaddons	INFO	Downloaded file will be saved to C:\Users\QATEAM~1\AppData\Local\Temp\tmpaddon-842b84
1525104738857	DeferredSave.webext.sc.lz4	DEBUG	Starting write
1525104738870	DeferredSave.webext.sc.lz4	DEBUG	Write succeeded
1525104741819	addons.productaddons	INFO	downloadXHR File download. status=200
1525104741822	addons.productaddons	INFO	Downloaded file will be saved to C:\Users\QATEAM~1\AppData\Local\Temp\tmpaddon-11456e

Build info: version: &#039;2.53.1&#039;, revision: &#039;a36b8b1cd5757287168e54b817830adce9b0158d&#039;, time: &#039;2016-06-30 19:26:09&#039;
System info: host: &#039;Sanjeev-India&#039;, ip: &#039;192.168.2.2&#039;, os.name: &#039;Windows 10&#039;, os.arch: &#039;amd64&#039;, os.version: &#039;10.0&#039;, java.version: &#039;1.8.0_151&#039;
Driver info: driver.version: FirefoxDriver">
      <![CDATA[org.openqa.selenium.WebDriverException: Failed to connect to binary FirefoxBinary(C:\Program Files (x86)\Mozilla Firefox\firefox.exe) on port 7055; process output follows: 
\Local\Temp\anonymous987141559096255909webdriver-profile\extensions\fxdriver@googlecode.com
1525104735349	addons.xpi	DEBUG	Ignoring file entry whose name is not a valid add-on ID: C:\Users\QA Team\AppData\Local\Temp\anonymous987141559096255909webdriver-profile\extensions\webdriver-staging
1525104735349	addons.xpi	DEBUG	Existing add-on fxdriver@googlecode.com in app-profile
1525104735350	addons.xpi	INFO	Mapping activity-stream@mozilla.org to C:\Program Files (x86)\Mozilla Firefox\browser\features\activity-stream@mozilla.org.xpi
1525104735350	addons.xpi	INFO	Mapping aushelper@mozilla.org to C:\Program Files (x86)\Mozilla Firefox\browser\features\aushelper@mozilla.org.xpi
1525104735350	addons.xpi	INFO	Mapping clicktoplay-rollout@mozilla.org to C:\Program Files (x86)\Mozilla Firefox\browser\features\clicktoplay-rollout@mozilla.org.xpi
1525104735350	addons.xpi	INFO	Mapping e10srollout@mozilla.org to C:\Program Files (x86)\Mozilla Firefox\browser\features\e10srollout@mozilla.org.xpi
1525104735351	addons.xpi	INFO	Mapping firefox@getpocket.com to C:\Program Files (x86)\Mozilla Firefox\browser\features\firefox@getpocket.com.xpi
1525104735351	addons.xpi	INFO	Mapping followonsearch@mozilla.com to C:\Program Files (x86)\Mozilla Firefox\browser\features\followonsearch@mozilla.com.xpi
1525104735351	addons.xpi	INFO	Mapping formautofill@mozilla.org to C:\Program Files (x86)\Mozilla Firefox\browser\features\formautofill@mozilla.org.xpi
1525104735351	addons.xpi	INFO	Mapping onboarding@mozilla.org to C:\Program Files (x86)\Mozilla Firefox\browser\features\onboarding@mozilla.org.xpi
1525104735351	addons.xpi	INFO	Mapping screenshots@mozilla.org to C:\Program Files (x86)\Mozilla Firefox\browser\features\screenshots@mozilla.org.xpi
1525104735351	addons.xpi	INFO	Mapping shield-recipe-client@mozilla.org to C:\Program Files (x86)\Mozilla Firefox\browser\features\shield-recipe-client@mozilla.org.xpi
1525104735352	addons.xpi	INFO	Mapping webcompat@mozilla.org to C:\Program Files (x86)\Mozilla Firefox\browser\features\webcompat@mozilla.org.xpi
1525104735352	addons.xpi	DEBUG	Existing add-on activity-stream@mozilla.org in app-system-defaults
1525104735352	addons.xpi	DEBUG	Existing add-on aushelper@mozilla.org in app-system-defaults
1525104735353	addons.xpi	DEBUG	Existing add-on clicktoplay-rollout@mozilla.org in app-system-defaults
1525104735353	addons.xpi	DEBUG	Existing add-on e10srollout@mozilla.org in app-system-defaults
1525104735354	addons.xpi	DEBUG	Existing add-on firefox@getpocket.com in app-system-defaults
1525104735354	addons.xpi	DEBUG	Existing add-on followonsearch@mozilla.com in app-system-defaults
1525104735355	addons.xpi	DEBUG	Existing add-on formautofill@mozilla.org in app-system-defaults
1525104735355	addons.xpi	DEBUG	Existing add-on onboarding@mozilla.org in app-system-defaults
1525104735355	addons.xpi	DEBUG	Existing add-on screenshots@mozilla.org in app-system-defaults
1525104735356	addons.xpi	DEBUG	Existing add-on shield-recipe-client@mozilla.org in app-system-defaults
1525104735356	addons.xpi	DEBUG	Existing add-on webcompat@mozilla.org in app-system-defaults
1525104735357	addons.xpi	INFO	Mapping {972ce4c6-7e08-4474-a285-3208198ce6fd} to C:\Program Files (x86)\Mozilla Firefox\browser\extensions\{972ce4c6-7e08-4474-a285-3208198ce6fd}.xpi
1525104735357	addons.xpi	DEBUG	Existing add-on {972ce4c6-7e08-4474-a285-3208198ce6fd} in app-global
1525104735357	addons.xpi	DEBUG	getInstallState changed: false, state: {}
1525104736717	addons.productaddons	INFO	Completed downloading document
1525104737978	addons.productaddons	INFO	downloadXHR File download. status=200
1525104738009	addons.productaddons	INFO	Downloaded file will be saved to C:\Users\QATEAM~1\AppData\Local\Temp\tmpaddon-842b84
1525104738857	DeferredSave.webext.sc.lz4	DEBUG	Starting write
1525104738870	DeferredSave.webext.sc.lz4	DEBUG	Write succeeded
1525104741819	addons.productaddons	INFO	downloadXHR File download. status=200
1525104741822	addons.productaddons	INFO	Downloaded file will be saved to C:\Users\QATEAM~1\AppData\Local\Temp\tmpaddon-11456e

Build info: version: '2.53.1', revision: 'a36b8b1cd5757287168e54b817830adce9b0158d', time: '2016-06-30 19:26:09'
System info: host: 'Sanjeev-India', ip: '192.168.2.2', os.name: 'Windows 10', os.arch: 'amd64', os.version: '10.0', java.version: '1.8.0_151'
Driver info: driver.version: FirefoxDriver
	at org.openqa.selenium.firefox.internal.NewProfileExtensionConnection.start(NewProfileExtensionConnection.java:125)
	at org.openqa.selenium.firefox.FirefoxDriver.startClient(FirefoxDriver.java:271)
	at org.openqa.selenium.remote.RemoteWebDriver.<init>(RemoteWebDriver.java:119)
	at org.openqa.selenium.firefox.FirefoxDriver.<init>(FirefoxDriver.java:216)
	at org.openqa.selenium.firefox.FirefoxDriver.<init>(FirefoxDriver.java:211)
	at org.openqa.selenium.firefox.FirefoxDriver.<init>(FirefoxDriver.java:207)
	at org.openqa.selenium.firefox.FirefoxDriver.<init>(FirefoxDriver.java:120)
	at com.testngscripts.CrossBrowserTesting.verifyPageTitle(CrossBrowserTesting.java:37)
	at sun.reflect.NativeMethodAccessorImpl.invoke0(Native Method)
	at sun.reflect.NativeMethodAccessorImpl.invoke(Unknown Source)
	at sun.reflect.DelegatingMethodAccessorImpl.invoke(Unknown Source)
	at java.lang.reflect.Method.invoke(Unknown Source)
	at org.testng.internal.MethodInvocationHelper.invokeMethod(MethodInvocationHelper.java:104)
	at org.testng.internal.Invoker.invokeMethod(Invoker.java:645)
	at org.testng.internal.Invoker.invokeTestMethod(Invoker.java:851)
	at org.testng.internal.Invoker.invokeTestMethods(Invoker.java:1177)
	at org.testng.internal.TestMethodWorker.invokeTestMethods(TestMethodWorker.java:129)
	at org.testng.internal.TestMethodWorker.run(TestMethodWorker.java:112)
	at java.util.concurrent.ThreadPoolExecutor.runWorker(Unknown Source)
	at java.util.concurrent.ThreadPoolExecutor$Worker.run(Unknown Source)
	at java.lang.Thread.run(Unknown Source)
Caused by: org.openqa.selenium.firefox.NotConnectedException: Unable to connect to host 127.0.0.1 on port 7055 after 45000 ms. Firefox console output:
\Local\Temp\anonymous987141559096255909webdriver-profile\extensions\fxdriver@googlecode.com
1525104735349	addons.xpi	DEBUG	Ignoring file entry whose name is not a valid add-on ID: C:\Users\QA Team\AppData\Local\Temp\anonymous987141559096255909webdriver-profile\extensions\webdriver-staging
1525104735349	addons.xpi	DEBUG	Existing add-on fxdriver@googlecode.com in app-profile
1525104735350	addons.xpi	INFO	Mapping activity-stream@mozilla.org to C:\Program Files (x86)\Mozilla Firefox\browser\features\activity-stream@mozilla.org.xpi
1525104735350	addons.xpi	INFO	Mapping aushelper@mozilla.org to C:\Program Files (x86)\Mozilla Firefox\browser\features\aushelper@mozilla.org.xpi
1525104735350	addons.xpi	INFO	Mapping clicktoplay-rollout@mozilla.org to C:\Program Files (x86)\Mozilla Firefox\browser\features\clicktoplay-rollout@mozilla.org.xpi
1525104735350	addons.xpi	INFO	Mapping e10srollout@mozilla.org to C:\Program Files (x86)\Mozilla Firefox\browser\features\e10srollout@mozilla.org.xpi
1525104735351	addons.xpi	INFO	Mapping firefox@getpocket.com to C:\Program Files (x86)\Mozilla Firefox\browser\features\firefox@getpocket.com.xpi
1525104735351	addons.xpi	INFO	Mapping followonsearch@mozilla.com to C:\Program Files (x86)\Mozilla Firefox\browser\features\followonsearch@mozilla.com.xpi
1525104735351	addons.xpi	INFO	Mapping formautofill@mozilla.org to C:\Program Files (x86)\Mozilla Firefox\browser\features\formautofill@mozilla.org.xpi
1525104735351	addons.xpi	INFO	Mapping onboarding@mozilla.org to C:\Program Files (x86)\Mozilla Firefox\browser\features\onboarding@mozilla.org.xpi
1525104735351	addons.xpi	INFO	Mapping screenshots@mozilla.org to C:\Program Files (x86)\Mozilla Firefox\browser\features\screenshots@mozilla.org.xpi
1525104735351	addons.xpi	INFO	Mapping shield-recipe-client@mozilla.org to C:\Program Files (x86)\Mozilla Firefox\browser\features\shield-recipe-client@mozilla.org.xpi
1525104735352	addons.xpi	INFO	Mapping webcompat@mozilla.org to C:\Program Files (x86)\Mozilla Firefox\browser\features\webcompat@mozilla.org.xpi
1525104735352	addons.xpi	DEBUG	Existing add-on activity-stream@mozilla.org in app-system-defaults
1525104735352	addons.xpi	DEBUG	Existing add-on aushelper@mozilla.org in app-system-defaults
1525104735353	addons.xpi	DEBUG	Existing add-on clicktoplay-rollout@mozilla.org in app-system-defaults
1525104735353	addons.xpi	DEBUG	Existing add-on e10srollout@mozilla.org in app-system-defaults
1525104735354	addons.xpi	DEBUG	Existing add-on firefox@getpocket.com in app-system-defaults
1525104735354	addons.xpi	DEBUG	Existing add-on followonsearch@mozilla.com in app-system-defaults
1525104735355	addons.xpi	DEBUG	Existing add-on formautofill@mozilla.org in app-system-defaults
1525104735355	addons.xpi	DEBUG	Existing add-on onboarding@mozilla.org in app-system-defaults
1525104735355	addons.xpi	DEBUG	Existing add-on screenshots@mozilla.org in app-system-defaults
1525104735356	addons.xpi	DEBUG	Existing add-on shield-recipe-client@mozilla.org in app-system-defaults
1525104735356	addons.xpi	DEBUG	Existing add-on webcompat@mozilla.org in app-system-defaults
1525104735357	addons.xpi	INFO	Mapping {972ce4c6-7e08-4474-a285-3208198ce6fd} to C:\Program Files (x86)\Mozilla Firefox\browser\extensions\{972ce4c6-7e08-4474-a285-3208198ce6fd}.xpi
1525104735357	addons.xpi	DEBUG	Existing add-on {972ce4c6-7e08-4474-a285-3208198ce6fd} in app-global
1525104735357	addons.xpi	DEBUG	getInstallState changed: false, state: {}
1525104736717	addons.productaddons	INFO	Completed downloading document
1525104737978	addons.productaddons	INFO	downloadXHR File download. status=200
1525104738009	addons.productaddons	INFO	Downloaded file will be saved to C:\Users\QATEAM~1\AppData\Local\Temp\tmpaddon-842b84
1525104738857	DeferredSave.webext.sc.lz4	DEBUG	Starting write
1525104738870	DeferredSave.webext.sc.lz4	DEBUG	Write succeeded
1525104741819	addons.productaddons	INFO	downloadXHR File download. status=200
1525104741822	addons.productaddons	INFO	Downloaded file will be saved to C:\Users\QATEAM~1\AppData\Local\Temp\tmpaddon-11456e

	at org.openqa.selenium.firefox.internal.NewProfileExtensionConnection.start(NewProfileExtensionConnection.java:113)
	... 20 more
]]>
    </error>
  </testcase> <!-- verifyPageTitle -->
</testsuite> <!-- com.testngscripts.CrossBrowserTesting -->
