<?xml version="1.0" encoding="UTF-8"?>
<!-- Generated by org.testng.reporters.JUnitReportReporter -->
<testsuite name="com.testngscripts.VerifyTitle" tests="1" time="51.840" ignored="0" failures="0" timestamp="01 May 2018 14:49:36 GMT" skipped="0" hostname="Sanjeev-India" errors="0">
  <testcase name="getTitle" time="51.840" classname="com.testngscripts.VerifyTitle"/>
</testsuite> <!-- com.testngscripts.VerifyTitle -->
