<?xml version="1.0" encoding="UTF-8"?>
<!-- Generated by org.testng.reporters.JUnitReportReporter -->
<testsuite name="com.tickets.testngscripts.BasicTestNGFunctionality" tests="3" time="0.029" ignored="0" failures="0" timestamp="12 Apr 2018 01:48:40 GMT" skipped="0" hostname="Sanjeev-India" errors="0">
  <testcase name="loginDetails" time="0.004" classname="com.tickets.testngscripts.BasicTestNGFunctionality"/>
  <testcase name="product" time="0.002" classname="com.tickets.testngscripts.BasicTestNGFunctionality"/>
  <testcase name="checkout" time="0.023" classname="com.tickets.testngscripts.BasicTestNGFunctionality"/>
</testsuite> <!-- com.tickets.testngscripts.BasicTestNGFunctionality -->
